mode: set
webapp/cmd/web/forms.go:10.42,12.26 2 1
webapp/cmd/web/forms.go:12.26,14.3 1 1
webapp/cmd/web/forms.go:16.2,16.22 1 1
webapp/cmd/web/forms.go:19.44,21.2 1 1
webapp/cmd/web/forms.go:28.37,33.2 1 1
webapp/cmd/web/forms.go:35.39,37.13 2 1
webapp/cmd/web/forms.go:37.13,39.3 1 1
webapp/cmd/web/forms.go:40.2,40.13 1 1
webapp/cmd/web/forms.go:43.43,44.31 1 1
webapp/cmd/web/forms.go:44.31,47.37 2 1
webapp/cmd/web/forms.go:47.37,49.4 1 1
webapp/cmd/web/forms.go:53.52,54.9 1 1
webapp/cmd/web/forms.go:54.9,56.3 1 1
webapp/cmd/web/forms.go:59.29,62.2 1 1
webapp/cmd/web/handler.go:15.70,21.45 2 1
webapp/cmd/web/handler.go:21.45,24.3 2 1
webapp/cmd/web/handler.go:24.8,26.3 1 1
webapp/cmd/web/handler.go:29.2,30.67 2 1
webapp/cmd/web/handler.go:38.108,41.16 2 1
webapp/cmd/web/handler.go:41.16,44.3 2 1
webapp/cmd/web/handler.go:46.2,50.16 3 1
webapp/cmd/web/handler.go:50.16,52.3 1 0
webapp/cmd/web/handler.go:54.2,54.12 1 1
webapp/cmd/web/handler.go:57.71,59.16 2 0
webapp/cmd/web/handler.go:59.16,63.3 3 0
webapp/cmd/web/handler.go:66.2,69.19 3 0
webapp/cmd/web/handler.go:69.19,72.3 2 0
webapp/cmd/web/handler.go:74.2,79.22 4 0
webapp/cmd/web/main.go:14.13,26.16 5 0
webapp/cmd/web/main.go:26.16,28.3 1 0
webapp/cmd/web/middleware.go:14.67,16.2 1 1
webapp/cmd/web/middleware.go:18.72,19.71 1 1
webapp/cmd/web/middleware.go:19.71,23.17 3 1
webapp/cmd/web/middleware.go:23.17,25.20 2 1
webapp/cmd/web/middleware.go:25.20,27.5 1 1
webapp/cmd/web/middleware.go:28.4,28.60 1 1
webapp/cmd/web/middleware.go:29.9,31.4 1 1
webapp/cmd/web/middleware.go:32.3,32.40 1 1
webapp/cmd/web/middleware.go:36.45,38.16 2 1
webapp/cmd/web/middleware.go:38.16,40.3 1 1
webapp/cmd/web/middleware.go:42.2,43.19 2 1
webapp/cmd/web/middleware.go:43.19,45.3 1 1
webapp/cmd/web/middleware.go:48.2,49.22 2 1
webapp/cmd/web/middleware.go:49.22,51.3 1 1
webapp/cmd/web/middleware.go:53.2,53.16 1 1
webapp/cmd/web/routes.go:10.47,29.2 9 1
webapp/cmd/web/sessions.go:10.39,23.2 6 1
